11:13:17: Creating resource group General
11:13:17: Creating resource group Internal
11:13:17: Creating resource group Autodetect
11:13:17: SceneManagerFactory for type 'DefaultSceneManager' registered.
11:13:17: Registering ResourceManager for type Material
11:13:17: Registering ResourceManager for type Mesh
11:13:17: Registering ResourceManager for type Skeleton
11:13:17: MovableObjectFactory for type 'ParticleSystem' registered.
11:13:17: OverlayElementFactory for type Panel registered.
11:13:17: OverlayElementFactory for type BorderPanel registered.
11:13:17: OverlayElementFactory for type TextArea registered.
11:13:17: Registering ResourceManager for type Font
11:13:17: ArchiveFactory for archive type FileSystem registered.
11:13:17: ArchiveFactory for archive type Zip registered.
11:13:17: DDS codec registering
11:13:17: FreeImage version: 3.13.1
11:13:17: This program uses FreeImage, a free, open source image library supporting all common bitmap formats. See http://freeimage.sourceforge.net for details
11:13:17: Supported formats: bmp,ico,jpg,jif,jpeg,jpe,jng,koa,iff,lbm,mng,pbm,pbm,pcd,pcx,pgm,pgm,png,ppm,ppm,ras,tga,targa,tif,tiff,wap,wbmp,wbm,psd,cut,xbm,xpm,gif,hdr,g3,sgi,exr,j2k,j2c,jp2,pfm,pct,pict,pic,bay,bmq,cr2,crw,cs1,dc2,dcr,dng,erf,fff,hdr,k25,kdc,mdc,mos,mrw,nef,orf,pef,pxn,raf,raw,rdc,sr2,srf,arw,3fr,cine,ia,kc2,mef,nrw,qtk,rw2,sti,drf,dsc,ptx,cap,iiq,rwz
11:13:17: PVRTC codec registering
11:13:17: Registering ResourceManager for type HighLevelGpuProgram
11:13:17: Registering ResourceManager for type Compositor
11:13:17: MovableObjectFactory for type 'Entity' registered.
11:13:17: MovableObjectFactory for type 'Light' registered.
11:13:17: MovableObjectFactory for type 'BillboardSet' registered.
11:13:17: MovableObjectFactory for type 'ManualObject' registered.
11:13:17: MovableObjectFactory for type 'BillboardChain' registered.
11:13:17: MovableObjectFactory for type 'RibbonTrail' registered.
11:13:17: Loading library .\RenderSystem_Direct3D9
11:13:17: Installing plugin: D3D9 RenderSystem
11:13:17: D3D9 : Direct3D9 Rendering Subsystem created.
11:13:17: D3D9: Driver Detection Starts
11:13:17: D3D9: Driver Detection Ends
11:13:17: Plugin successfully installed
11:13:17: Loading library .\RenderSystem_GL
11:13:17: Installing plugin: GL RenderSystem
11:13:17: OpenGL Rendering Subsystem created.
11:13:18: Plugin successfully installed
11:13:18: Loading library .\Plugin_OctreeSceneManager
11:13:18: Installing plugin: Octree & Terrain Scene Manager
11:13:18: Plugin successfully installed
11:13:18: *-*-* OGRE Initialising
11:13:18: *-*-* Version 1.7.1 (Cthugha)
11:13:18: D3D9 : RenderSystem Option: Allow NVPerfHUD = No
11:13:18: D3D9 : RenderSystem Option: FSAA = 0
11:13:18: D3D9 : RenderSystem Option: Floating-point mode = Fastest
11:13:18: D3D9 : RenderSystem Option: Full Screen = No
11:13:18: D3D9 : RenderSystem Option: Rendering Device = Monitor-1-NVIDIA GeForce GT 650M
11:13:18: D3D9 : RenderSystem Option: Resource Creation Policy = Create on all devices
11:13:18: D3D9 : RenderSystem Option: VSync = No
11:13:18: D3D9 : RenderSystem Option: VSync Interval = 1
11:13:18: D3D9 : RenderSystem Option: Video Mode = 800 x 600 @ 32-bit colour
11:13:18: D3D9 : RenderSystem Option: sRGB Gamma Conversion = No
11:13:18: CPU Identifier & Features
11:13:18: -------------------------
11:13:18:  *   CPU ID: GenuineIntel: Intel(R) Core(TM) i7-3720QM CPU @ 2.60GHz
11:13:18:  *      SSE: yes
11:13:18:  *     SSE2: yes
11:13:18:  *     SSE3: yes
11:13:19:  *      MMX: yes
11:13:19:  *   MMXEXT: yes
11:13:19:  *    3DNOW: no
11:13:19:  * 3DNOWEXT: no
11:13:19:  *     CMOV: yes
11:13:19:  *      TSC: yes
11:13:19:  *      FPU: yes
11:13:19:  *      PRO: yes
11:13:19:  *       HT: no
11:13:19: -------------------------
11:13:19: D3D9 : Subsystem Initialising
11:13:19: Registering ResourceManager for type Texture
11:13:19: Registering ResourceManager for type GpuProgram
11:13:19: D3D9RenderSystem::_createRenderWindow "TutorialApplication Render Window", 800x600 windowed  miscParams: FSAA=0 FSAAHint= colourDepth=32 gamma=false monitorIndex=0 useNVPerfHUD=false vsync=false vsyncInterval=1 
11:13:19: D3D9 : Created D3D9 Rendering Window 'TutorialApplication Render Window' : 800x600, 32bpp
11:13:19: D3D9 : WARNING - disabling VSync in windowed mode can cause timing issues at lower frame rates, turn VSync on if you observe this problem.
11:13:19: D3D9: Vertex texture format supported - PF_A8R8G8B8
11:13:19: D3D9: Vertex texture format supported - PF_B8G8R8A8
11:13:19: D3D9: Vertex texture format supported - PF_FLOAT16_RGB
11:13:19: D3D9: Vertex texture format supported - PF_FLOAT16_RGBA
11:13:19: D3D9: Vertex texture format supported - PF_FLOAT32_RGB
11:13:19: D3D9: Vertex texture format supported - PF_FLOAT32_RGBA
11:13:19: D3D9: Vertex texture format supported - PF_R8G8B8A8
11:13:19: D3D9: Vertex texture format supported - PF_DEPTH
11:13:19: D3D9: Vertex texture format supported - PF_FLOAT16_R
11:13:19: D3D9: Vertex texture format supported - PF_FLOAT32_R
11:13:19: D3D9: Vertex texture format supported - PF_FLOAT16_GR
11:13:19: D3D9: Vertex texture format supported - PF_FLOAT32_GR
11:13:19: D3D9: Vertex texture format supported - PF_PVRTC_RGB2
11:13:19: D3D9: Vertex texture format supported - PF_PVRTC_RGBA2
11:13:19: D3D9: Vertex texture format supported - PF_PVRTC_RGB4
11:13:19: D3D9: Vertex texture format supported - PF_PVRTC_RGBA4
11:13:19: RenderSystem capabilities
11:13:19: -------------------------
11:13:19: RenderSystem Name: Direct3D9 Rendering Subsystem
11:13:19: GPU Vendor: nvidia
11:13:19: Device Name: Monitor-1-NVIDIA GeForce GT 650M
11:13:19: Driver Version: 9.18.13.1422
11:13:19:  * Fixed function pipeline: yes
11:13:19:  * Hardware generation of mipmaps: yes
11:13:19:  * Texture blending: yes
11:13:19:  * Anisotropic texture filtering: yes
11:13:19:  * Dot product texture operation: yes
11:13:19:  * Cube mapping: yes
11:13:19:  * Hardware stencil buffer: yes
11:13:19:    - Stencil depth: 8
11:13:19:    - Two sided stencil support: yes
11:13:19:    - Wrap stencil values: yes
11:13:19:  * Hardware vertex / index buffers: yes
11:13:19:  * Vertex programs: yes
11:13:19:  * Number of floating-point constants for vertex programs: 256
11:13:19:  * Number of integer constants for vertex programs: 16
11:13:19:  * Number of boolean constants for vertex programs: 16
11:13:19:  * Fragment programs: yes
11:13:19:  * Number of floating-point constants for fragment programs: 224
11:13:19:  * Number of integer constants for fragment programs: 16
11:13:19:  * Number of boolean constants for fragment programs: 16
11:13:19:  * Geometry programs: no
11:13:19:  * Number of floating-point constants for geometry programs: 0
11:13:19:  * Number of integer constants for geometry programs: 0
11:13:19:  * Number of boolean constants for geometry programs: 0
11:13:19:  * Supported Shader Profiles: hlsl ps_1_1 ps_1_2 ps_1_3 ps_1_4 ps_2_0 ps_2_a ps_2_b ps_2_x ps_3_0 vs_1_1 vs_2_0 vs_2_a vs_2_x vs_3_0
11:13:19:  * Texture Compression: yes
11:13:19:    - DXT: yes
11:13:19:    - VTC: no
11:13:19:    - PVRTC: no
11:13:19:  * Scissor Rectangle: yes
11:13:19:  * Hardware Occlusion Query: yes
11:13:19:  * User clip planes: yes
11:13:19:  * VET_UBYTE4 vertex element type: yes
11:13:19:  * Infinite far plane projection: yes
11:13:19:  * Hardware render-to-texture: yes
11:13:19:  * Floating point textures: yes
11:13:19:  * Non-power-of-two textures: yes
11:13:19:  * Volume textures: yes
11:13:19:  * Multiple Render Targets: 4
11:13:19:    - With different bit depths: yes
11:13:19:  * Point Sprites: yes
11:13:19:  * Extended point parameters: yes
11:13:19:  * Max Point Size: 10
11:13:19:  * Vertex texture fetch: yes
11:13:19:  * Number of world matrices: 0
11:13:19:  * Number of texture units: 8
11:13:19:  * Stencil buffer depth: 8
11:13:19:  * Number of vertex blend matrices: 0
11:13:19:    - Max vertex textures: 4
11:13:19:    - Vertex textures shared: no
11:13:19:  * Render to Vertex Buffer : no
11:13:19:  * DirectX per stage constants: yes
11:13:19: ***************************************
11:13:19: *** D3D9 : Subsystem Initialised OK ***
11:13:19: ***************************************
11:13:19: DefaultWorkQueue('Root') initialising on thread main.
11:13:19: Particle Renderer Type 'billboard' registered
11:13:19: SceneManagerFactory for type 'OctreeSceneManager' registered.
11:13:19: SceneManagerFactory for type 'TerrainSceneManager' registered.
11:13:19: Creating resource group Bootstrap
11:13:19: Added resource location '../../Media/packs/OgreCore.zip' of type 'Zip' to resource group 'Bootstrap'
11:13:19: Added resource location '../../Media' of type 'FileSystem' to resource group 'General'
11:13:19: Added resource location '../../Media/fonts' of type 'FileSystem' to resource group 'General'
11:13:19: Added resource location '../../Media/materials/programs' of type 'FileSystem' to resource group 'General'
11:13:19: Added resource location '../../Media/materials/scripts' of type 'FileSystem' to resource group 'General'
11:13:19: Added resource location '../../Media/materials/textures' of type 'FileSystem' to resource group 'General'
11:13:19: Added resource location '../../Media/models' of type 'FileSystem' to resource group 'General'
11:13:19: Added resource location '../../Media/packs/cubemap.zip' of type 'Zip' to resource group 'General'
11:13:19: Added resource location '../../Media/packs/skybox.zip' of type 'Zip' to resource group 'General'
11:13:19: Parsing scripts for resource group Autodetect
11:13:19: Finished parsing scripts for resource group Autodetect
11:13:19: Parsing scripts for resource group Bootstrap
11:13:19: Parsing script OgreCore.material
11:13:19: Parsing script OgreProfiler.material
11:13:19: Parsing script Ogre.fontdef
11:13:19: Parsing script OgreDebugPanel.overlay
11:13:19: Texture: New_Ogre_Border_Center.png: Loading 1 faces(PF_A8R8G8B8,256x128x1) with  hardware generated mipmaps from Image. Internal format is PF_A8R8G8B8,256x128x1.
11:13:19: Texture: New_Ogre_Border.png: Loading 1 faces(PF_A8R8G8B8,256x256x1) with  hardware generated mipmaps from Image. Internal format is PF_A8R8G8B8,256x256x1.
11:13:19: Texture: New_Ogre_Border_Break.png: Loading 1 faces(PF_A8R8G8B8,32x32x1) with  hardware generated mipmaps from Image. Internal format is PF_A8R8G8B8,32x32x1.
11:13:19: Texture: ogretext.png: Loading 1 faces(PF_A8R8G8B8,256x128x1) with  hardware generated mipmaps from Image. Internal format is PF_A8R8G8B8,256x128x1.
11:13:19: Parsing script OgreLoadingPanel.overlay
11:13:19: Finished parsing scripts for resource group Bootstrap
11:13:19: Parsing scripts for resource group General
11:13:19: Parsing script basecannon..material
11:13:19: Parsing script compMaterial.material
11:13:19: OGRE EXCEPTION(2:InvalidParametersException): Parameter called viewProj does not exist.  in GpuProgramParameters::_findNamedConstantDefinition at ..\..\ogre\OgreMain\src\OgreGpuProgramParams.cpp (line 1433)
11:13:19: Compiler error: invalid parameters in compMaterial.material(15): setting of constant failed
11:13:19: OGRE EXCEPTION(2:InvalidParametersException): Parameter called time does not exist.  in GpuProgramParameters::_findNamedConstantDefinition at ..\..\ogre\OgreMain\src\OgreGpuProgramParams.cpp (line 1433)
11:13:19: Compiler error: invalid parameters in compMaterial.material(16): setting of constant failed
11:13:19: Parsing script Example.material
11:13:19: Compiler error: reference to a non existing object in Example.material(211)
11:13:19: Compiler error: reference to a non existing object in Example.material(697)
11:13:19: Compiler error: reference to a non existing object in Example.material(709)
11:13:19: Compiler error: reference to a non existing object in Example.material(844)
11:13:19: Compiler error: reference to a non existing object in Example.material(879)
11:13:19: Compiler error: reference to a non existing object in Example.material(987)
11:13:19: Compiler error: reference to a non existing object in Example.material(992)
11:13:19: Parsing script fragment.material
11:13:19: Parsing script heart.material
11:13:19: Parsing script materials.material
11:13:19: Parsing script materialsWithShadersTest.material
11:13:19: Parsing script Ogre.material
11:13:19: Parsing script testCannon.material
11:13:19: Parsing script testMaterial1.material
11:13:19: Parsing script testMaterial3.material
11:13:19: Parsing script testMaterial5 - Copy.material
11:13:19: Parsing script testMaterial5.material
11:13:19: Parsing script testMaterialSky.material
11:13:19: Parsing script textures.material
11:13:19: Parsing script thecannonbase..material
11:13:19: Parsing script anOrb..material
11:13:19: Parsing script orb..material
11:13:19: Parsing script fragmentShader.compositor
11:13:19: Parsing script overlay.overlay
11:13:19: Texture: red.png: Loading 1 faces(PF_R8G8B8,128x128x1) with  hardware generated mipmaps from Image. Internal format is PF_X8R8G8B8,128x128x1.
11:13:19: Texture: overaly.jpg: Loading 1 faces(PF_R8G8B8,800x93x1) with 5 generated mipmaps from Image. Internal format is PF_X8R8G8B8,800x93x1.
11:13:19: Finished parsing scripts for resource group General
11:13:19: Parsing scripts for resource group Internal
11:13:19: Finished parsing scripts for resource group Internal
11:13:19: Mesh: Loading cannontop.mesh.
11:13:19: Mesh: Loading basecannon.mesh.
11:13:19: OGRE EXCEPTION(6:FileNotFoundException): Cannot locate resource crash_bandicoot_crash_bandicoot-s250x304-24499-580.jpg in resource group General or any other group. in ResourceGroupManager::openResource at ..\..\ogre\OgreMain\src\OgreResourceGroupManager.cpp (line 753)
11:13:19: Error loading texture crash_bandicoot_crash_bandicoot-s250x304-24499-580.jpg. Texture layer will be blank. Loading the texture failed with the following exception: OGRE EXCEPTION(6:FileNotFoundException): Cannot locate resource crash_bandicoot_crash_bandicoot-s250x304-24499-580.jpg in resource group General or any other group. in ResourceGroupManager::openResource at ..\..\ogre\OgreMain\src\OgreResourceGroupManager.cpp (line 753)
11:13:19: Texture: clouds.jpg: Loading 1 faces(PF_R8G8B8,256x256x1) with  hardware generated mipmaps from Image. Internal format is PF_X8R8G8B8,256x256x1.
11:13:19: Texture: tex3.png: Loading 1 faces(PF_A8R8G8B8,520x390x1) with 5 generated mipmaps from Image. Internal format is PF_A8R8G8B8,520x390x1.
11:13:19: Texture: wall2.jpg: Loading 1 faces(PF_R8G8B8,139x300x1) with 5 generated mipmaps from Image. Internal format is PF_X8R8G8B8,139x300x1.
11:13:19: Mesh: Loading orb.mesh.
11:13:19: Texture: water.jpg: Loading 1 faces(PF_R8G8B8,300x222x1) with 5 generated mipmaps from Image. Internal format is PF_X8R8G8B8,300x222x1.
11:13:19: Can't assign material void to SubEntity of Quad_Entity0 because this Material does not exist. Have you forgotten to define it in a .material script?
11:13:19: Texture: wall.jpg: Loading 1 faces(PF_R8G8B8,300x139x1) with 5 generated mipmaps from Image. Internal format is PF_X8R8G8B8,300x139x1.
11:13:19: *** Initializing OIS ***
11:13:19: Texture: spot_shadow_fade.png: Loading 1 faces(PF_R8G8B8,128x128x1) with  hardware generated mipmaps from Image. Internal format is PF_X8R8G8B8,128x128x1.
11:13:19: Font BlueHighwayusing texture size 512x512
11:13:19: Info: Freetype returned null for character 127 in font BlueHighway
11:13:19: Info: Freetype returned null for character 128 in font BlueHighway
11:13:19: Info: Freetype returned null for character 129 in font BlueHighway
11:13:19: Info: Freetype returned null for character 130 in font BlueHighway
11:13:19: Info: Freetype returned null for character 131 in font BlueHighway
11:13:19: Info: Freetype returned null for character 132 in font BlueHighway
11:13:19: Info: Freetype returned null for character 133 in font BlueHighway
11:13:19: Info: Freetype returned null for character 134 in font BlueHighway
11:13:19: Info: Freetype returned null for character 135 in font BlueHighway
11:13:19: Info: Freetype returned null for character 136 in font BlueHighway
11:13:19: Info: Freetype returned null for character 137 in font BlueHighway
11:13:19: Info: Freetype returned null for character 138 in font BlueHighway
11:13:19: Info: Freetype returned null for character 139 in font BlueHighway
11:13:19: Info: Freetype returned null for character 140 in font BlueHighway
11:13:19: Info: Freetype returned null for character 141 in font BlueHighway
11:13:19: Info: Freetype returned null for character 142 in font BlueHighway
11:13:19: Info: Freetype returned null for character 143 in font BlueHighway
11:13:19: Info: Freetype returned null for character 144 in font BlueHighway
11:13:19: Info: Freetype returned null for character 145 in font BlueHighway
11:13:19: Info: Freetype returned null for character 146 in font BlueHighway
11:13:19: Info: Freetype returned null for character 147 in font BlueHighway
11:13:19: Info: Freetype returned null for character 148 in font BlueHighway
11:13:19: Info: Freetype returned null for character 149 in font BlueHighway
11:13:19: Info: Freetype returned null for character 150 in font BlueHighway
11:13:19: Info: Freetype returned null for character 151 in font BlueHighway
11:13:19: Info: Freetype returned null for character 152 in font BlueHighway
11:13:19: Info: Freetype returned null for character 153 in font BlueHighway
11:13:19: Info: Freetype returned null for character 154 in font BlueHighway
11:13:19: Info: Freetype returned null for character 155 in font BlueHighway
11:13:19: Info: Freetype returned null for character 156 in font BlueHighway
11:13:19: Info: Freetype returned null for character 157 in font BlueHighway
11:13:19: Info: Freetype returned null for character 158 in font BlueHighway
11:13:19: Info: Freetype returned null for character 159 in font BlueHighway
11:13:19: Info: Freetype returned null for character 160 in font BlueHighway
11:13:19: Texture: BlueHighwayTexture: Loading 1 faces(PF_BYTE_LA,512x512x1) with 0 generated mipmaps from Image. Internal format is PF_BYTE_LA,512x512x1.
11:13:19: Can't assign material void to SubEntity of Quad_Entity1 because this Material does not exist. Have you forgotten to define it in a .material script?
11:13:19: Can't assign material void to SubEntity of Quad_Entity2 because this Material does not exist. Have you forgotten to define it in a .material script?
11:13:19: Can't assign material void to SubEntity of Quad_Entity3 because this Material does not exist. Have you forgotten to define it in a .material script?
11:13:19: Can't assign material void to SubEntity of Quad_Entity4 because this Material does not exist. Have you forgotten to define it in a .material script?
11:13:19: Can't assign material void to SubEntity of Quad_Entity5 because this Material does not exist. Have you forgotten to define it in a .material script?
11:13:19: Can't assign material void to SubEntity of Quad_Entity6 because this Material does not exist. Have you forgotten to define it in a .material script?
11:13:19: Can't assign material void to SubEntity of Quad_Entity7 because this Material does not exist. Have you forgotten to define it in a .material script?
11:13:19: Can't assign material void to SubEntity of Quad_Entity8 because this Material does not exist. Have you forgotten to define it in a .material script?
11:13:19: Can't assign material void to SubEntity of Quad_Entity9 because this Material does not exist. Have you forgotten to define it in a .material script?
11:13:19: Can't assign material void to SubEntity of Quad_Entity10 because this Material does not exist. Have you forgotten to define it in a .material script?
11:13:19: Can't assign material void to SubEntity of Quad_Entity11 because this Material does not exist. Have you forgotten to define it in a .material script?
11:13:19: Can't assign material void to SubEntity of Quad_Entity12 because this Material does not exist. Have you forgotten to define it in a .material script?
11:13:19: Can't assign material void to SubEntity of Quad_Entity13 because this Material does not exist. Have you forgotten to define it in a .material script?
11:13:19: Can't assign material void to SubEntity of Quad_Entity14 because this Material does not exist. Have you forgotten to define it in a .material script?
11:13:19: Can't assign material void to SubEntity of Quad_Entity15 because this Material does not exist. Have you forgotten to define it in a .material script?
11:13:19: Can't assign material void to SubEntity of Quad_Entity16 because this Material does not exist. Have you forgotten to define it in a .material script?
11:13:19: Can't assign material void to SubEntity of Quad_Entity17 because this Material does not exist. Have you forgotten to define it in a .material script?
11:13:19: Can't assign material void to SubEntity of Quad_Entity18 because this Material does not exist. Have you forgotten to define it in a .material script?
11:13:19: Can't assign material void to SubEntity of Quad_Entity19 because this Material does not exist. Have you forgotten to define it in a .material script?
11:13:19: Can't assign material void to SubEntity of Quad_Entity20 because this Material does not exist. Have you forgotten to define it in a .material script?
11:13:19: Can't assign material void to SubEntity of Quad_Entity21 because this Material does not exist. Have you forgotten to define it in a .material script?
11:13:19: Can't assign material void to SubEntity of Quad_Entity22 because this Material does not exist. Have you forgotten to define it in a .material script?
11:13:19: Can't assign material void to SubEntity of Quad_Entity23 because this Material does not exist. Have you forgotten to define it in a .material script?
11:13:19: Can't assign material void to SubEntity of Quad_Entity24 because this Material does not exist. Have you forgotten to define it in a .material script?
11:13:19: Can't assign material void to SubEntity of Quad_Entity25 because this Material does not exist. Have you forgotten to define it in a .material script?
11:13:19: Can't assign material void to SubEntity of Quad_Entity26 because this Material does not exist. Have you forgotten to define it in a .material script?
11:13:19: Can't assign material void to SubEntity of Quad_Entity27 because this Material does not exist. Have you forgotten to define it in a .material script?
11:13:19: Can't assign material void to SubEntity of Quad_Entity28 because this Material does not exist. Have you forgotten to define it in a .material script?
11:13:20: Can't assign material void to SubEntity of Quad_Entity29 because this Material does not exist. Have you forgotten to define it in a .material script?
11:13:20: Can't assign material void to SubEntity of Quad_Entity30 because this Material does not exist. Have you forgotten to define it in a .material script?
11:13:20: Can't assign material void to SubEntity of Quad_Entity31 because this Material does not exist. Have you forgotten to define it in a .material script?
11:13:20: Can't assign material void to SubEntity of Quad_Entity32 because this Material does not exist. Have you forgotten to define it in a .material script?
11:13:20: Can't assign material void to SubEntity of Quad_Entity33 because this Material does not exist. Have you forgotten to define it in a .material script?
11:13:20: Can't assign material void to SubEntity of Quad_Entity34 because this Material does not exist. Have you forgotten to define it in a .material script?
11:13:20: Can't assign material void to SubEntity of Quad_Entity35 because this Material does not exist. Have you forgotten to define it in a .material script?
11:13:20: Can't assign material void to SubEntity of Quad_Entity36 because this Material does not exist. Have you forgotten to define it in a .material script?
11:13:20: Can't assign material void to SubEntity of Quad_Entity37 because this Material does not exist. Have you forgotten to define it in a .material script?
11:13:20: Can't assign material void to SubEntity of Quad_Entity38 because this Material does not exist. Have you forgotten to define it in a .material script?
11:13:20: Can't assign material void to SubEntity of Quad_Entity39 because this Material does not exist. Have you forgotten to define it in a .material script?
11:13:20: Texture: health.jpg: Loading 1 faces(PF_R8G8B8,300x300x1) with 5 generated mipmaps from Image. Internal format is PF_X8R8G8B8,300x300x1.
11:13:21: Texture: ammo.jpg: Loading 1 faces(PF_R8G8B8,300x300x1) with 5 generated mipmaps from Image. Internal format is PF_X8R8G8B8,300x300x1.
11:13:21: Mesh: Loading robot.mesh.
11:13:21: Skeleton: Loading robot.skeleton
11:13:21: WARNING: robot.mesh is an older format ([MeshSerializer_v1.40]); you should upgrade it as soon as possible using the OgreMeshUpgrade tool.
11:13:21: Texture: r2skin.jpg: Loading 1 faces(PF_R8G8B8,512x512x1) with  hardware generated mipmaps from Image. Internal format is PF_X8R8G8B8,512x512x1.
11:13:30: Texture: physobj.jpg: Loading 1 faces(PF_R8G8B8,256x256x1) with  hardware generated mipmaps from Image. Internal format is PF_X8R8G8B8,256x256x1.
11:13:43: DefaultWorkQueue('Root') shutting down on thread main.
11:13:43: *-*-* OGRE Shutdown
11:13:43: Unregistering ResourceManager for type Compositor
11:13:43: Unregistering ResourceManager for type Font
11:13:43: Unregistering ResourceManager for type Skeleton
11:13:43: Unregistering ResourceManager for type Mesh
11:13:43: Unregistering ResourceManager for type HighLevelGpuProgram
11:13:43: Uninstalling plugin: Octree & Terrain Scene Manager
11:13:43: Plugin successfully uninstalled
11:13:43: Unloading library .\Plugin_OctreeSceneManager
11:13:43: Uninstalling plugin: GL RenderSystem
11:13:43: *** Stopping Win32GL Subsystem ***
11:13:43: Plugin successfully uninstalled
11:13:43: Unloading library .\RenderSystem_GL
11:13:43: Uninstalling plugin: D3D9 RenderSystem
11:13:43: D3D9 : Shutting down cleanly.
11:13:43: Unregistering ResourceManager for type Texture
11:13:43: Unregistering ResourceManager for type GpuProgram
11:13:43: D3D9 : Direct3D9 Rendering Subsystem destroyed.
11:13:43: Plugin successfully uninstalled
11:13:43: Unloading library .\RenderSystem_Direct3D9
11:13:43: Unregistering ResourceManager for type Material
